<?xml version="1.0" encoding="UTF-8"?>
<!-- Generated by org.testng.reporters.JUnitReportReporter -->
<testsuite hostname="Sayed-Sadat" failures="0" tests="4" name="testsPractice.DATaProvider" time="0.025" errors="0" timestamp="01 Dec 2020 22:20:40 GMT" skipped="1">
  <testcase classname="testsPractice.DATaProvider" name="test" time="0.004"/>
  <testcase classname="testsPractice.DATaProvider" name="test" time="0.005"/>
  <testcase classname="testsPractice.DATaProvider" name="test" time="0.016"/>
  <testcase classname="testsPractice.DATaProvider" name="test2">
    <skipped/>
  </testcase> <!-- test2 -->
</testsuite> <!-- testsPractice.DATaProvider -->
