<?xml version="1.0" encoding="UTF-8"?>
<!-- Generated by org.testng.reporters.JUnitReportReporter -->
<testsuite hostname="Sayed-Sadat" failures="0" tests="4" name="tests.DATaProvider" time="0.009" errors="0" timestamp="01 Dec 2020 00:08:57 GMT" skipped="1">
  <testcase classname="tests.DATaProvider" name="test" time="0.007"/>
  <testcase classname="tests.DATaProvider" name="test" time="0.001"/>
  <testcase classname="tests.DATaProvider" name="test" time="0.001"/>
  <testcase classname="tests.DATaProvider" name="test2">
    <skipped/>
  </testcase> <!-- test2 -->
</testsuite> <!-- tests.DATaProvider -->
