<?xml version="1.0" encoding="UTF-8"?>
<!-- Generated by org.testng.reporters.JUnitReportReporter -->
<testsuite hostname="Sayed-Sadat" failures="0" tests="1" name="tests.CreateAccount" time="16.397" errors="0" timestamp="01 Dec 2020 22:09:53 GMT" skipped="0">
  <testcase classname="tests.CreateAccount" name="createAccount" time="16.397"/>
</testsuite> <!-- tests.CreateAccount -->
